<?xml version="1.0" encoding="UTF-8"?>
<testsuite xmlns:xsi="http://www.w3.org/2001/XMLSchema-instance" xsi:noNamespaceSchemaLocation="https://maven.apache.org/surefire/maven-surefire-plugin/xsd/surefire-test-report-3.0.xsd" version="3.0" name="com.apys.learning.dao.StudentDAOImplTest" time="0.745" tests="3" errors="0" skipped="0" failures="0">
  <properties>
[...]
</properties>
  <testcase name="saveStudentOrder" classname="com.apys.learning.dao.StudentDAOImplTest" time="0.222">
    <system-out><![CDATA[Start Up
]]></system-out>
  </testcase>
  <testcase name="saveStudentOrderError" classname="com.apys.learning.dao.StudentDAOImplTest" time="0.164"/>
  <testcase name="getStudentOrders" classname="com.apys.learning.dao.StudentDAOImplTest" time="0.16"/>
</testsuite>